Build started 10/12/2013 11:26:01 PM.
     1>Project "C:\Users\Amy\Desktop\LAB 3 Loan Calculator GUI\LAB 3 Loan Calculator GUI\LAB 3 Loan Calculator GUI.vcxproj" on node 2 (build target(s)).
     1>InitializeBuildStatus:
         Creating "Debug\LAB 3 Loan Calculator GUI.unsuccessfulbuild" because "AlwaysCreate" was specified.
       GenerateTargetFrameworkMonikerAttribute:
       Skipping target "GenerateTargetFrameworkMonikerAttribute" because all output files are up-to-date with respect to the input files.
       ClCompile:
         All outputs are up-to-date.
         C:\Program Files (x86)\Microsoft Visual Studio 10.0\VC\bin\CL.exe /c /AI"C:\Program Files (x86)\Reference Assemblies\Microsoft\Framework\.NETFramework\v4.0" /Zi /clr:pure /nologo /W3 /WX- /Od /Oy- /D WIN32 /D _DEBUG /D _UNICODE /D UNICODE /EHa /MDd /GS /fp:precise /Zc:wchar_t /Zc:forScope /Yu"StdAfx.h" /Fp"Debug\LAB 3 Loan Calculator GUI.pch" /Fo"Debug\\" /Fd"Debug\vc100.pdb" /TP /FU"C:\Program Files (x86)\Reference Assemblies\Microsoft\Framework\.NETFramework\v4.0\System.Core.dll" /FU"C:\Program Files (x86)\Reference Assemblies\Microsoft\Framework\.NETFramework\v4.0\System.Data.dll" /FU"C:\Program Files (x86)\Reference Assemblies\Microsoft\Framework\.NETFramework\v4.0\System.dll" /FU"C:\Program Files (x86)\Reference Assemblies\Microsoft\Framework\.NETFramework\v4.0\System.Drawing.dll" /FU"C:\Program Files (x86)\Reference Assemblies\Microsoft\Framework\.NETFramework\v4.0\System.Windows.Forms.dll" /FU"C:\Program Files (x86)\Reference Assemblies\Microsoft\Framework\.NETFramework\v4.0\System.Xml.dll" /analyze- /errorReport:prompt "LAB 3 Loan Calculator GUI.cpp" calculator.cpp /clr:nostdlib 
         LAB 3 Loan Calculator GUI.cpp
         calculator.cpp
         Generating Code...
         All outputs are up-to-date.
       ManagedIncrementalBuildPostProcessDependencyGraph:
         To improve incremental build performance for managed components, please make sure that the 'VC++ Directories->Reference Directories' points to all the paths which contain the referenced managed assemblies.
         Could not load file or assembly 'file:///C:\PROGRAM FILES\MICROSOFT VISUAL STUDIO 10.0\VC\BIN\1033\CLUI.DLL' or one of its dependencies. The system cannot find the file specified.
         To improve incremental build performance for managed components, please make sure that the 'VC++ Directories->Reference Directories' points to all the paths which contain the referenced managed assemblies.
         Could not load file or assembly 'file:///C:\PROGRAM FILES\REFERENCE ASSEMBLIES\MICROSOFT\FRAMEWORK\.NETFRAMEWORK\V4.0\MSCORLIB.DLL' or one of its dependencies. The system cannot find the file specified.
         To improve incremental build performance for managed components, please make sure that the 'VC++ Directories->Reference Directories' points to all the paths which contain the referenced managed assemblies.
         Could not load file or assembly 'file:///C:\PROGRAM FILES\REFERENCE ASSEMBLIES\MICROSOFT\FRAMEWORK\.NETFRAMEWORK\V4.0\SYSTEM.CORE.DLL' or one of its dependencies. The system cannot find the file specified.
         To improve incremental build performance for managed components, please make sure that the 'VC++ Directories->Reference Directories' points to all the paths which contain the referenced managed assemblies.
         Could not load file or assembly 'file:///C:\PROGRAM FILES\REFERENCE ASSEMBLIES\MICROSOFT\FRAMEWORK\.NETFRAMEWORK\V4.0\SYSTEM.DATA.DLL' or one of its dependencies. The system cannot find the file specified.
         To improve incremental build performance for managed components, please make sure that the 'VC++ Directories->Reference Directories' points to all the paths which contain the referenced managed assemblies.
         Could not load file or assembly 'file:///C:\PROGRAM FILES\REFERENCE ASSEMBLIES\MICROSOFT\FRAMEWORK\.NETFRAMEWORK\V4.0\SYSTEM.DLL' or one of its dependencies. The system cannot find the file specified.
         To improve incremental build performance for managed components, please make sure that the 'VC++ Directories->Reference Directories' points to all the paths which contain the referenced managed assemblies.
         Could not load file or assembly 'file:///C:\PROGRAM FILES\REFERENCE ASSEMBLIES\MICROSOFT\FRAMEWORK\.NETFRAMEWORK\V4.0\SYSTEM.DRAWING.DLL' or one of its dependencies. The system cannot find the file specified.
         To improve incremental build performance for managed components, please make sure that the 'VC++ Directories->Reference Directories' points to all the paths which contain the referenced managed assemblies.
         Could not load file or assembly 'file:///C:\PROGRAM FILES\REFERENCE ASSEMBLIES\MICROSOFT\FRAMEWORK\.NETFRAMEWORK\V4.0\SYSTEM.WINDOWS.FORMS.DLL' or one of its dependencies. The system cannot find the file specified.
         To improve incremental build performance for managed components, please make sure that the 'VC++ Directories->Reference Directories' points to all the paths which contain the referenced managed assemblies.
         Could not load file or assembly 'file:///C:\PROGRAM FILES\REFERENCE ASSEMBLIES\MICROSOFT\FRAMEWORK\.NETFRAMEWORK\V4.0\SYSTEM.XML.DLL' or one of its dependencies. The system cannot find the file specified.
         To improve incremental build performance for managed components, please make sure that the 'VC++ Directories->Reference Directories' points to all the paths which contain the referenced managed assemblies.
         Could not load file or assembly 'file:///C:\PROGRAM FILES\REFERENCE ASSEMBLIES\MICROSOFT\FRAMEWORK\.NETFRAMEWORK\V4.0\MICROSOFT.VISUALC.DLL' or one of its dependencies. The system cannot find the file specified.
         To improve incremental build performance for managed components, please make sure that the 'VC++ Directories->Reference Directories' points to all the paths which contain the referenced managed assemblies.
         Could not load file or assembly 'file:///C:\PROGRAM FILES\REFERENCE ASSEMBLIES\MICROSOFT\FRAMEWORK\.NETFRAMEWORK\V4.0\MICROSOFT.VISUALBASIC.DLL' or one of its dependencies. The system cannot find the file specified.
       CoreResGen:
         No resources are out of date with respect to their source files. Skipping resource generation.
       ResourceCompile:
         All outputs are up-to-date.
       Link:
         C:\Program Files (x86)\Microsoft Visual Studio 10.0\VC\bin\link.exe /ERRORREPORT:PROMPT /OUT:"C:\Users\Amy\Desktop\LAB 3 Loan Calculator GUI\Debug\LAB 3 Loan Calculator GUI.exe" /INCREMENTAL /NOLOGO /ASSEMBLYRESOURCE:Debug\LAB3LoanCalculatorGUI.Form1.resources /MANIFEST /ManifestFile:"Debug\LAB 3 Loan Calculator GUI.exe.intermediate.manifest" /MANIFESTUAC:"level='asInvoker' uiAccess='false'" /DEBUG /PDB:"C:\Users\Amy\Desktop\LAB 3 Loan Calculator GUI\Debug\LAB 3 Loan Calculator GUI.pdb" /ASSEMBLYDEBUG /SUBSYSTEM:WINDOWS /TLBID:1 /ENTRY:"main" /DYNAMICBASE /FIXED:NO /NXCOMPAT /MACHINE:X86 Debug\app.res
         Debug\AssemblyInfo.obj
         Debug\calculator.obj
         "Debug\LAB 3 Loan Calculator GUI.obj"
         Debug\stdafx.obj
         "Debug\.NETFramework,Version=v4.0.AssemblyAttributes.obj"
         LAB 3 Loan Calculator GUI.vcxproj -> C:\Users\Amy\Desktop\LAB 3 Loan Calculator GUI\Debug\LAB 3 Loan Calculator GUI.exe
       Manifest:
         C:\Program Files (x86)\Microsoft SDKs\Windows\v7.0A\bin\mt.exe /nologo /verbose /outputresource:"C:\Users\Amy\Desktop\LAB 3 Loan Calculator GUI\Debug\LAB 3 Loan Calculator GUI.exe;#1" /manifest "Debug\LAB 3 Loan Calculator GUI.exe.intermediate.manifest"
       FinalizeBuildStatus:
         Deleting file "Debug\LAB 3 Loan Calculator GUI.unsuccessfulbuild".
         Touching "Debug\LAB 3 Loan Calculator GUI.lastbuildstate".
     1>Done Building Project "C:\Users\Amy\Desktop\LAB 3 Loan Calculator GUI\LAB 3 Loan Calculator GUI\LAB 3 Loan Calculator GUI.vcxproj" (build target(s)).

Build succeeded.

Time Elapsed 00:00:02.41
